  Source.cpp
C:\Users\Acer\Desktop\udgu\Project1\Source.cpp(157,53): warning C4244: аргумент: преобразование "unsigned int" в "T", возможна потеря данных
C:\Users\Acer\Desktop\udgu\Project1\Source.cpp(157,53): warning C4244:         with
C:\Users\Acer\Desktop\udgu\Project1\Source.cpp(157,53): warning C4244:         [
C:\Users\Acer\Desktop\udgu\Project1\Source.cpp(157,53): warning C4244:             T=float
C:\Users\Acer\Desktop\udgu\Project1\Source.cpp(157,53): warning C4244:         ]
C:\Users\Acer\Desktop\udgu\Project1\Source.cpp(157,42): warning C4244: аргумент: преобразование "unsigned int" в "T", возможна потеря данных
C:\Users\Acer\Desktop\udgu\Project1\Source.cpp(157,42): warning C4244:         with
C:\Users\Acer\Desktop\udgu\Project1\Source.cpp(157,42): warning C4244:         [
C:\Users\Acer\Desktop\udgu\Project1\Source.cpp(157,42): warning C4244:             T=float
C:\Users\Acer\Desktop\udgu\Project1\Source.cpp(157,42): warning C4244:         ]
C:\Users\Acer\Desktop\udgu\Project1\Source.cpp(158,53): warning C4244: аргумент: преобразование "unsigned int" в "T", возможна потеря данных
C:\Users\Acer\Desktop\udgu\Project1\Source.cpp(158,53): warning C4244:         with
C:\Users\Acer\Desktop\udgu\Project1\Source.cpp(158,53): warning C4244:         [
C:\Users\Acer\Desktop\udgu\Project1\Source.cpp(158,53): warning C4244:             T=float
C:\Users\Acer\Desktop\udgu\Project1\Source.cpp(158,53): warning C4244:         ]
C:\Users\Acer\Desktop\udgu\Project1\Source.cpp(158,42): warning C4244: аргумент: преобразование "unsigned int" в "T", возможна потеря данных
C:\Users\Acer\Desktop\udgu\Project1\Source.cpp(158,42): warning C4244:         with
C:\Users\Acer\Desktop\udgu\Project1\Source.cpp(158,42): warning C4244:         [
C:\Users\Acer\Desktop\udgu\Project1\Source.cpp(158,42): warning C4244:             T=float
C:\Users\Acer\Desktop\udgu\Project1\Source.cpp(158,42): warning C4244:         ]
C:\Users\Acer\Desktop\udgu\Project1\Source.cpp(160,56): warning C4244: =: преобразование "unsigned int" в "T", возможна потеря данных
C:\Users\Acer\Desktop\udgu\Project1\Source.cpp(160,56): warning C4244:         with
C:\Users\Acer\Desktop\udgu\Project1\Source.cpp(160,56): warning C4244:         [
C:\Users\Acer\Desktop\udgu\Project1\Source.cpp(160,56): warning C4244:             T=float
C:\Users\Acer\Desktop\udgu\Project1\Source.cpp(160,56): warning C4244:         ]
C:\Users\Acer\Desktop\udgu\Project1\Source.cpp(161,37): warning C4244: =: преобразование "unsigned int" в "T", возможна потеря данных
C:\Users\Acer\Desktop\udgu\Project1\Source.cpp(161,37): warning C4244:         with
C:\Users\Acer\Desktop\udgu\Project1\Source.cpp(161,37): warning C4244:         [
C:\Users\Acer\Desktop\udgu\Project1\Source.cpp(161,37): warning C4244:             T=float
C:\Users\Acer\Desktop\udgu\Project1\Source.cpp(161,37): warning C4244:         ]
C:\Users\Acer\Desktop\udgu\Project1\Source.cpp(163,55): warning C4244: =: преобразование "unsigned int" в "T", возможна потеря данных
C:\Users\Acer\Desktop\udgu\Project1\Source.cpp(163,55): warning C4244:         with
C:\Users\Acer\Desktop\udgu\Project1\Source.cpp(163,55): warning C4244:         [
C:\Users\Acer\Desktop\udgu\Project1\Source.cpp(163,55): warning C4244:             T=float
C:\Users\Acer\Desktop\udgu\Project1\Source.cpp(163,55): warning C4244:         ]
C:\Users\Acer\Desktop\udgu\Project1\Source.cpp(164,36): warning C4244: =: преобразование "unsigned int" в "T", возможна потеря данных
C:\Users\Acer\Desktop\udgu\Project1\Source.cpp(164,36): warning C4244:         with
C:\Users\Acer\Desktop\udgu\Project1\Source.cpp(164,36): warning C4244:         [
C:\Users\Acer\Desktop\udgu\Project1\Source.cpp(164,36): warning C4244:             T=float
C:\Users\Acer\Desktop\udgu\Project1\Source.cpp(164,36): warning C4244:         ]
C:\Users\Acer\Desktop\udgu\Project1\Source.cpp(214,80): warning C4244: аргумент: преобразование "unsigned int" в "T", возможна потеря данных
C:\Users\Acer\Desktop\udgu\Project1\Source.cpp(214,80): warning C4244:         with
C:\Users\Acer\Desktop\udgu\Project1\Source.cpp(214,80): warning C4244:         [
C:\Users\Acer\Desktop\udgu\Project1\Source.cpp(214,80): warning C4244:             T=float
C:\Users\Acer\Desktop\udgu\Project1\Source.cpp(214,80): warning C4244:         ]
C:\Users\Acer\Desktop\udgu\Project1\Source.cpp(214,59): warning C4244: аргумент: преобразование "unsigned int" в "T", возможна потеря данных
C:\Users\Acer\Desktop\udgu\Project1\Source.cpp(214,59): warning C4244:         with
C:\Users\Acer\Desktop\udgu\Project1\Source.cpp(214,59): warning C4244:         [
C:\Users\Acer\Desktop\udgu\Project1\Source.cpp(214,59): warning C4244:             T=float
C:\Users\Acer\Desktop\udgu\Project1\Source.cpp(214,59): warning C4244:         ]
C:\Users\Acer\Desktop\udgu\Project1\Source.cpp(317,75): warning C4244: аргумент: преобразование "T" в "float", возможна потеря данных
C:\Users\Acer\Desktop\udgu\Project1\Source.cpp(317,75): warning C4244:         with
C:\Users\Acer\Desktop\udgu\Project1\Source.cpp(317,75): warning C4244:         [
C:\Users\Acer\Desktop\udgu\Project1\Source.cpp(317,75): warning C4244:             T=unsigned int
C:\Users\Acer\Desktop\udgu\Project1\Source.cpp(317,75): warning C4244:         ]
  Project1.vcxproj -> C:\Users\Acer\Desktop\udgu\Project1\x64\Debug\Project1.exe
